m:\server6\modules\ffmpeg\ffmpeg.dir\debug\ffmpeg_producer.obj
m:\server6\modules\ffmpeg\ffmpeg.dir\debug\audio_channel_remapper.obj
m:\server6\modules\ffmpeg\ffmpeg.dir\debug\tbb_avcodec.obj
m:\server6\modules\ffmpeg\ffmpeg.dir\debug\audio_filter.obj
m:\server6\modules\ffmpeg\ffmpeg.dir\debug\filter.obj
m:\server6\modules\ffmpeg\ffmpeg.dir\debug\util.obj
m:\server6\modules\ffmpeg\ffmpeg.dir\debug\input.obj
m:\server6\modules\ffmpeg\ffmpeg.dir\debug\video_decoder.obj
m:\server6\modules\ffmpeg\ffmpeg.dir\debug\ffmpeg_consumer.obj
m:\server6\modules\ffmpeg\ffmpeg.dir\debug\frame_muxer.obj
m:\server6\modules\ffmpeg\ffmpeg.dir\debug\ffmpeg.obj
m:\server6\modules\ffmpeg\ffmpeg.dir\debug\flv.obj
m:\server6\modules\ffmpeg\ffmpeg.dir\debug\ffmpeg_error.obj
m:\server6\modules\ffmpeg\ffmpeg.dir\debug\audio_decoder.obj
m:\server6\modules\ffmpeg\debug\ffmpeg_cxx_pch\stdafx.pch
m:\server6\modules\ffmpeg\ffmpeg.dir\debug\ffmpeg.pdb
m:\server6\modules\ffmpeg\ffmpeg.dir\debug\stdafx.obj
m:\server6\modules\ffmpeg\cmakefiles\generate.stamp
m:\server6\modules\ffmpeg\debug\ffmpeg.lib
m:\server6\modules\ffmpeg\debug\ffmpeg.pdb
m:\server6\modules\ffmpeg\ffmpeg.dir\debug\ffmpeg.tlog\cl.command.1.tlog
m:\server6\modules\ffmpeg\ffmpeg.dir\debug\ffmpeg.tlog\cl.read.1.tlog
m:\server6\modules\ffmpeg\ffmpeg.dir\debug\ffmpeg.tlog\cl.write.1.tlog
m:\server6\modules\ffmpeg\ffmpeg.dir\debug\ffmpeg.tlog\custombuild.command.1.tlog
m:\server6\modules\ffmpeg\ffmpeg.dir\debug\ffmpeg.tlog\custombuild.read.1.tlog
m:\server6\modules\ffmpeg\ffmpeg.dir\debug\ffmpeg.tlog\custombuild.write.1.tlog
m:\server6\modules\ffmpeg\ffmpeg.dir\debug\ffmpeg.tlog\lib-link.read.1.tlog
m:\server6\modules\ffmpeg\ffmpeg.dir\debug\ffmpeg.tlog\lib-link.write.1.tlog
m:\server6\modules\ffmpeg\ffmpeg.dir\debug\ffmpeg.tlog\lib.command.1.tlog
